Using pre-set license
Built from '2020.3/staging' branch; Version is '2020.3.46f1 (18bc01a066b4) revision 1620993'; Using compiler version '192528614'; Build Type 'Release'
OS: 'Windows 10  (10.0.19045) 64bit Education' Language: 'ko' Physical Memory: 16225 MB
BatchMode: 1, IsHumanControllingUs: 0, StartBugReporterOnCrash: 0, Is64bit: 1, IsPro: 0

COMMAND LINE ARGUMENTS:
C:\Program Files\Unity\Hub\Editor\2020.3.46f1\Editor\Unity.exe
-adb2
-batchMode
-noUpm
-name
AssetImportWorker0
-projectPath
C:/hcw/2D Math/2D Math_2/2D Math_2
-logFile
Logs/AssetImportWorker0.log
-srvPort
52418
Successfully changed project path to: C:/hcw/2D Math/2D Math_2/2D Math_2
C:/hcw/2D Math/2D Math_2/2D Math_2
Using Asset Import Pipeline V2.
Player connection [16440] Host "[IP] 172.27.224.1 [Port] 3221442656 [Flags] 2 [Guid] 3981928384 [EditorId] 3981928384 [Version] 1048832 [Id] WindowsEditor(7,DESKTOP-LQKJS2V) [Debug] 1 [PackageName] WindowsEditor [ProjectName] Editor" joined multi-casting on [225.0.0.222:54997]...

Player connection [16440] Host "[IP] 172.27.224.1 [Port] 3221442656 [Flags] 2 [Guid] 3981928384 [EditorId] 3981928384 [Version] 1048832 [Id] WindowsEditor(7,DESKTOP-LQKJS2V) [Debug] 1 [PackageName] WindowsEditor [ProjectName] Editor" joined alternative multi-casting on [225.0.0.222:34997]...

Refreshing native plugins compatible for Editor in 52.31 ms, found 3 plugins.
Preloading 0 native plugins for Editor in 0.00 ms.
Initialize engine version: 2020.3.46f1 (18bc01a066b4)
[Subsystems] Discovering subsystems at path C:/Program Files/Unity/Hub/Editor/2020.3.46f1/Editor/Data/Resources/UnitySubsystems
[Subsystems] Discovering subsystems at path C:/hcw/2D Math/2D Math_2/2D Math_2/Assets
GfxDevice: creating device client; threaded=0
Direct3D:
    Version:  Direct3D 11.0 [level 11.1]
    Renderer: NVIDIA GeForce GTX 1660 Ti (ID=0x2191)
    Vendor:   
    VRAM:     5991 MB
    Driver:   30.0.14.9676
Initialize mono
Mono path[0] = 'C:/Program Files/Unity/Hub/Editor/2020.3.46f1/Editor/Data/Managed'
Mono path[1] = 'C:/Program Files/Unity/Hub/Editor/2020.3.46f1/Editor/Data/MonoBleedingEdge/lib/mono/unityjit'
Mono config path = 'C:/Program Files/Unity/Hub/Editor/2020.3.46f1/Editor/Data/MonoBleedingEdge/etc'
Using monoOptions --debugger-agent=transport=dt_socket,embedding=1,server=y,suspend=n,address=127.0.0.1:56064
Begin MonoManager ReloadAssembly
Registering precompiled unity dll's ...
Register platform support module: C:/Program Files/Unity/Hub/Editor/2020.3.46f1/Editor/Data/PlaybackEngines/WindowsStandaloneSupport/UnityEditor.WindowsStandalone.Extensions.dll
Registered in 0.004645 seconds.
Native extension for WindowsStandalone target not found
Refreshing native plugins compatible for Editor in 43.76 ms, found 3 plugins.
Preloading 0 native plugins for Editor in 0.00 ms.
Mono: successfully reloaded assembly
- Completed reload, in  0.679 seconds
Domain Reload Profiling:
	ReloadAssembly (680ms)
		BeginReloadAssembly (107ms)
			ExecutionOrderSort (0ms)
			DisableScriptedObjects (0ms)
			BackupInstance (0ms)
			ReleaseScriptingObjects (0ms)
			CreateAndSetChildDomain (1ms)
		EndReloadAssembly (484ms)
			LoadAssemblies (101ms)
			RebuildTransferFunctionScriptingTraits (0ms)
			SetupTypeCache (152ms)
			ReleaseScriptCaches (0ms)
			RebuildScriptCaches (32ms)
			SetupLoadedEditorAssemblies (175ms)
				LogAssemblyErrors (0ms)
				InitializePlatformSupportModulesInManaged (6ms)
				SetLoadedEditorAssemblies (0ms)
				RefreshPlugins (44ms)
				BeforeProcessingInitializeOnLoad (17ms)
				ProcessInitializeOnLoadAttributes (80ms)
				ProcessInitializeOnLoadMethodAttributes (28ms)
				AfterProcessingInitializeOnLoad (0ms)
				EditorAssembliesLoaded (0ms)
			ExecutionOrderSort2 (0ms)
			AwakeInstancesAfterBackupRestoration (0ms)
Platform modules already initialized, skipping
Registering precompiled user dll's ...
Registered in 0.006694 seconds.
Begin MonoManager ReloadAssembly
Native extension for WindowsStandalone target not found
Refreshing native plugins compatible for Editor in 46.05 ms, found 3 plugins.
Preloading 0 native plugins for Editor in 0.00 ms.
Mono: successfully reloaded assembly
- Completed reload, in  1.265 seconds
Domain Reload Profiling:
	ReloadAssembly (1267ms)
		BeginReloadAssembly (183ms)
			ExecutionOrderSort (0ms)
			DisableScriptedObjects (4ms)
			BackupInstance (0ms)
			ReleaseScriptingObjects (0ms)
			CreateAndSetChildDomain (18ms)
		EndReloadAssembly (999ms)
			LoadAssemblies (148ms)
			RebuildTransferFunctionScriptingTraits (0ms)
			SetupTypeCache (307ms)
			ReleaseScriptCaches (0ms)
			RebuildScriptCaches (48ms)
			SetupLoadedEditorAssemblies (404ms)
				LogAssemblyErrors (0ms)
				InitializePlatformSupportModulesInManaged (4ms)
				SetLoadedEditorAssemblies (0ms)
				RefreshPlugins (46ms)
				BeforeProcessingInitializeOnLoad (98ms)
				ProcessInitializeOnLoadAttributes (220ms)
				ProcessInitializeOnLoadMethodAttributes (18ms)
				AfterProcessingInitializeOnLoad (17ms)
				EditorAssembliesLoaded (0ms)
			ExecutionOrderSort2 (0ms)
			AwakeInstancesAfterBackupRestoration (2ms)
Platform modules already initialized, skipping
========================================================================
Worker process is ready to serve import requests
Launched and connected shader compiler UnityShaderCompiler.exe after 0.08 seconds
Refreshing native plugins compatible for Editor in 0.67 ms, found 3 plugins.
Preloading 0 native plugins for Editor in 0.00 ms.
Unloading 2050 Unused Serialized files (Serialized files now loaded: 0)
System memory in use before: 94.9 MB.
System memory in use after: 95.0 MB.

Unloading 25 unused Assets to reduce memory usage. Loaded Objects now: 2491.
Total: 2.625900 ms (FindLiveObjects: 0.150600 ms CreateObjectMapping: 0.088600 ms MarkObjects: 2.325100 ms  DeleteObjects: 0.060600 ms)

AssetImportParameters requested are different than current active one (requested -> active):
  custom:framework-win-MediaFoundation: 216162199b28c13a410421893ffa2e32 -> 
  custom:video-decoder-ogg-theora: a1e56fd34408186e4bbccfd4996cb3dc -> 
  custom:container-muxer-webm: aa71ff27fc2769a1b78a27578f13a17b -> 
  custom:container-demuxer-webm: 4f35f7cbe854078d1ac9338744f61a02 -> 
  custom:container-demuxer-ogg: 62fdf1f143b41e24485cea50d1cbac27 -> 
  custom:video-encoder-webm-vp8: eb34c28f22e8b96e1ab97ce403110664 -> 
  custom:video-decoder-webm-vp8: 9c59270c3fd7afecdb556c50c9e8de78 -> 
  custom:audio-decoder-ogg-vorbis: bf7c407c2cedff20999df2af8eb42d56 -> 
  custom:audio-encoder-webm-vorbis: bf7c407c2cedff20999df2af8eb42d56 -> 
========================================================================
Received Import Request.
  path: Assets/#Scenes/2Scene.unity
  artifactKey: Guid(6d88980190475c64a8b8141520306474) Importer(815301076,1909f56bfc062723c751e8b465ee728b)
Start importing Assets/#Scenes/2Scene.unity using Guid(6d88980190475c64a8b8141520306474) Importer(815301076,1909f56bfc062723c751e8b465ee728b)  -> (artifact id: 'c2a1a5b4e846a786188726d87e8c1f1c') in 0.011781 seconds 
========================================================================
Received Import Request.
  Time since last request: 165.258074 seconds.
  path: Assets/#Scripts/LongBox.cs
  artifactKey: Guid(625f506ad6dd9904db7a8b76e239067b) Importer(815301076,1909f56bfc062723c751e8b465ee728b)
Start importing Assets/#Scripts/LongBox.cs using Guid(625f506ad6dd9904db7a8b76e239067b) Importer(815301076,1909f56bfc062723c751e8b465ee728b)  -> (artifact id: '2a5fb994cab6646734e73cfc627b59fb') in 0.085312 seconds 
========================================================================
Received Import Request.
  Time since last request: 0.000485 seconds.
  path: Assets/#Scripts/GameManager.cs
  artifactKey: Guid(186c622f24e6816449b102e1bbeda449) Importer(815301076,1909f56bfc062723c751e8b465ee728b)
Start importing Assets/#Scripts/GameManager.cs using Guid(186c622f24e6816449b102e1bbeda449) Importer(815301076,1909f56bfc062723c751e8b465ee728b)  -> (artifact id: '7b145e11aace637efdd40376a71998c9') in 0.018661 seconds 
========================================================================
Received Import Request.
  Time since last request: 121.477784 seconds.
  path: Assets/#Scripts/Combine.cs
  artifactKey: Guid(3a28cd01dc553f84280dbf4302a02b30) Importer(815301076,1909f56bfc062723c751e8b465ee728b)
Start importing Assets/#Scripts/Combine.cs using Guid(3a28cd01dc553f84280dbf4302a02b30) Importer(815301076,1909f56bfc062723c751e8b465ee728b)  -> (artifact id: 'fc47b010a0f6544fc6862102861c688b') in 0.012207 seconds 
========================================================================
Received Import Request.
  Time since last request: 0.495202 seconds.
  path: Assets/#Scripts/Drag.cs
  artifactKey: Guid(f88fd6da59e2fed40973740d4673a92d) Importer(815301076,1909f56bfc062723c751e8b465ee728b)
Start importing Assets/#Scripts/Drag.cs using Guid(f88fd6da59e2fed40973740d4673a92d) Importer(815301076,1909f56bfc062723c751e8b465ee728b)  -> (artifact id: '24076e6a84f5d5c293600e9fd55e1078') in 0.012433 seconds 
========================================================================
Received Import Request.
  Time since last request: 14.647880 seconds.
  path: Assets/#Scripts/ColorButtonOn.cs
  artifactKey: Guid(4b5ab8d6175b73b43beaf7a90d009b28) Importer(815301076,1909f56bfc062723c751e8b465ee728b)
Start importing Assets/#Scripts/ColorButtonOn.cs using Guid(4b5ab8d6175b73b43beaf7a90d009b28) Importer(815301076,1909f56bfc062723c751e8b465ee728b)  -> (artifact id: '6b59684e6183b6b7a6efbdad219ac1e0') in 0.016710 seconds 
========================================================================
Received Import Request.
  Time since last request: 4.505506 seconds.
  path: Assets/#Scripts/Drawable.cs
  artifactKey: Guid(571045d48cec88d48848f53bf379f673) Importer(815301076,1909f56bfc062723c751e8b465ee728b)
Start importing Assets/#Scripts/Drawable.cs using Guid(571045d48cec88d48848f53bf379f673) Importer(815301076,1909f56bfc062723c751e8b465ee728b)  -> (artifact id: 'a59d636a808ccb8ca8e9a5f06497bb39') in 0.014479 seconds 
AssetImportWorkerClient::OnTransportError - code=2 error=End of file
