Using pre-set license
Built from '2020.3/staging' branch; Version is '2020.3.46f1 (18bc01a066b4) revision 1620993'; Using compiler version '192528614'; Build Type 'Release'
OS: 'Windows 10  (10.0.19045) 64bit Education' Language: 'ko' Physical Memory: 16225 MB
BatchMode: 1, IsHumanControllingUs: 0, StartBugReporterOnCrash: 0, Is64bit: 1, IsPro: 0

COMMAND LINE ARGUMENTS:
C:\Program Files\Unity\Hub\Editor\2020.3.46f1\Editor\Unity.exe
-adb2
-batchMode
-noUpm
-name
AssetImportWorker0
-projectPath
C:/hcw/2D Math/2D Math_1/2D Math_1
-logFile
Logs/AssetImportWorker0.log
-srvPort
51613
Successfully changed project path to: C:/hcw/2D Math/2D Math_1/2D Math_1
C:/hcw/2D Math/2D Math_1/2D Math_1
Using Asset Import Pipeline V2.
Player connection [25184] Host "[IP] 172.26.0.1 [Port] 805523552 [Flags] 2 [Guid] 3691672051 [EditorId] 3691672051 [Version] 1048832 [Id] WindowsEditor(7,DESKTOP-LQKJS2V) [Debug] 1 [PackageName] WindowsEditor [ProjectName] Editor" joined multi-casting on [225.0.0.222:54997]...

Player connection [25184] Host "[IP] 172.26.0.1 [Port] 805523552 [Flags] 2 [Guid] 3691672051 [EditorId] 3691672051 [Version] 1048832 [Id] WindowsEditor(7,DESKTOP-LQKJS2V) [Debug] 1 [PackageName] WindowsEditor [ProjectName] Editor" joined alternative multi-casting on [225.0.0.222:34997]...

Refreshing native plugins compatible for Editor in 47.37 ms, found 3 plugins.
Preloading 0 native plugins for Editor in 0.00 ms.
Initialize engine version: 2020.3.46f1 (18bc01a066b4)
[Subsystems] Discovering subsystems at path C:/Program Files/Unity/Hub/Editor/2020.3.46f1/Editor/Data/Resources/UnitySubsystems
[Subsystems] Discovering subsystems at path C:/hcw/2D Math/2D Math_1/2D Math_1/Assets
GfxDevice: creating device client; threaded=0
Direct3D:
    Version:  Direct3D 11.0 [level 11.1]
    Renderer: NVIDIA GeForce GTX 1660 Ti (ID=0x2191)
    Vendor:   
    VRAM:     5991 MB
    Driver:   30.0.14.9676
Initialize mono
Mono path[0] = 'C:/Program Files/Unity/Hub/Editor/2020.3.46f1/Editor/Data/Managed'
Mono path[1] = 'C:/Program Files/Unity/Hub/Editor/2020.3.46f1/Editor/Data/MonoBleedingEdge/lib/mono/unityjit'
Mono config path = 'C:/Program Files/Unity/Hub/Editor/2020.3.46f1/Editor/Data/MonoBleedingEdge/etc'
Using monoOptions --debugger-agent=transport=dt_socket,embedding=1,server=y,suspend=n,address=127.0.0.1:56524
Begin MonoManager ReloadAssembly
Registering precompiled unity dll's ...
Register platform support module: C:/Program Files/Unity/Hub/Editor/2020.3.46f1/Editor/Data/PlaybackEngines/WindowsStandaloneSupport/UnityEditor.WindowsStandalone.Extensions.dll
Registered in 0.003765 seconds.
Native extension for WindowsStandalone target not found
Refreshing native plugins compatible for Editor in 46.57 ms, found 3 plugins.
Preloading 0 native plugins for Editor in 0.00 ms.
Mono: successfully reloaded assembly
- Completed reload, in  0.650 seconds
Domain Reload Profiling:
	ReloadAssembly (651ms)
		BeginReloadAssembly (92ms)
			ExecutionOrderSort (0ms)
			DisableScriptedObjects (0ms)
			BackupInstance (0ms)
			ReleaseScriptingObjects (0ms)
			CreateAndSetChildDomain (1ms)
		EndReloadAssembly (475ms)
			LoadAssemblies (88ms)
			RebuildTransferFunctionScriptingTraits (0ms)
			SetupTypeCache (148ms)
			ReleaseScriptCaches (0ms)
			RebuildScriptCaches (30ms)
			SetupLoadedEditorAssemblies (181ms)
				LogAssemblyErrors (0ms)
				InitializePlatformSupportModulesInManaged (5ms)
				SetLoadedEditorAssemblies (0ms)
				RefreshPlugins (47ms)
				BeforeProcessingInitializeOnLoad (17ms)
				ProcessInitializeOnLoadAttributes (84ms)
				ProcessInitializeOnLoadMethodAttributes (28ms)
				AfterProcessingInitializeOnLoad (0ms)
				EditorAssembliesLoaded (0ms)
			ExecutionOrderSort2 (0ms)
			AwakeInstancesAfterBackupRestoration (0ms)
Platform modules already initialized, skipping
Registering precompiled user dll's ...
Registered in 0.006131 seconds.
Begin MonoManager ReloadAssembly
Native extension for WindowsStandalone target not found
Refreshing native plugins compatible for Editor in 40.32 ms, found 3 plugins.
Preloading 0 native plugins for Editor in 0.00 ms.
Mono: successfully reloaded assembly
- Completed reload, in  1.224 seconds
Domain Reload Profiling:
	ReloadAssembly (1226ms)
		BeginReloadAssembly (174ms)
			ExecutionOrderSort (0ms)
			DisableScriptedObjects (5ms)
			BackupInstance (0ms)
			ReleaseScriptingObjects (0ms)
			CreateAndSetChildDomain (19ms)
		EndReloadAssembly (971ms)
			LoadAssemblies (142ms)
			RebuildTransferFunctionScriptingTraits (0ms)
			SetupTypeCache (310ms)
			ReleaseScriptCaches (0ms)
			RebuildScriptCaches (45ms)
			SetupLoadedEditorAssemblies (366ms)
				LogAssemblyErrors (0ms)
				InitializePlatformSupportModulesInManaged (4ms)
				SetLoadedEditorAssemblies (0ms)
				RefreshPlugins (40ms)
				BeforeProcessingInitializeOnLoad (91ms)
				ProcessInitializeOnLoadAttributes (199ms)
				ProcessInitializeOnLoadMethodAttributes (17ms)
				AfterProcessingInitializeOnLoad (14ms)
				EditorAssembliesLoaded (0ms)
			ExecutionOrderSort2 (0ms)
			AwakeInstancesAfterBackupRestoration (2ms)
Platform modules already initialized, skipping
========================================================================
Worker process is ready to serve import requests
Launched and connected shader compiler UnityShaderCompiler.exe after 0.07 seconds
Refreshing native plugins compatible for Editor in 0.43 ms, found 3 plugins.
Preloading 0 native plugins for Editor in 0.00 ms.
Unloading 2044 Unused Serialized files (Serialized files now loaded: 0)
System memory in use before: 94.7 MB.
System memory in use after: 94.8 MB.

Unloading 25 unused Assets to reduce memory usage. Loaded Objects now: 2485.
Total: 3.554400 ms (FindLiveObjects: 0.164600 ms CreateObjectMapping: 0.079200 ms MarkObjects: 3.236400 ms  DeleteObjects: 0.073400 ms)

AssetImportParameters requested are different than current active one (requested -> active):
  custom:framework-win-MediaFoundation: 216162199b28c13a410421893ffa2e32 -> 
  custom:video-decoder-ogg-theora: a1e56fd34408186e4bbccfd4996cb3dc -> 
  custom:container-muxer-webm: aa71ff27fc2769a1b78a27578f13a17b -> 
  custom:container-demuxer-webm: 4f35f7cbe854078d1ac9338744f61a02 -> 
  custom:container-demuxer-ogg: 62fdf1f143b41e24485cea50d1cbac27 -> 
  custom:video-encoder-webm-vp8: eb34c28f22e8b96e1ab97ce403110664 -> 
  custom:video-decoder-webm-vp8: 9c59270c3fd7afecdb556c50c9e8de78 -> 
  custom:audio-decoder-ogg-vorbis: bf7c407c2cedff20999df2af8eb42d56 -> 
  custom:audio-encoder-webm-vorbis: bf7c407c2cedff20999df2af8eb42d56 -> 
========================================================================
Received Import Request.
  path: Assets/Scenes/StartScene.unity
  artifactKey: Guid(2cda990e2423bbf4892e6590ba056729) Importer(815301076,1909f56bfc062723c751e8b465ee728b)
Start importing Assets/Scenes/StartScene.unity using Guid(2cda990e2423bbf4892e6590ba056729) Importer(815301076,1909f56bfc062723c751e8b465ee728b)  -> (artifact id: 'c74f4c895d4e8465caaa2d2e9c291b65') in 0.012797 seconds 
========================================================================
Received Import Request.
  Time since last request: 15.799572 seconds.
  path: Assets/Scenes/1Scebe.unity
  artifactKey: Guid(6d88980190475c64a8b8141520306474) Importer(815301076,1909f56bfc062723c751e8b465ee728b)
Start importing Assets/Scenes/1Scebe.unity using Guid(6d88980190475c64a8b8141520306474) Importer(815301076,1909f56bfc062723c751e8b465ee728b)  -> (artifact id: '0b69f595e21f4f07a368ff0a14796e35') in 0.011754 seconds 
========================================================================
Received Import Request.
  Time since last request: 6.863503 seconds.
  path: Assets/Scenes/1Scene.unity
  artifactKey: Guid(6d88980190475c64a8b8141520306474) Importer(815301076,1909f56bfc062723c751e8b465ee728b)
Start importing Assets/Scenes/1Scene.unity using Guid(6d88980190475c64a8b8141520306474) Importer(815301076,1909f56bfc062723c751e8b465ee728b)  -> (artifact id: '140c957739513a7ed74d7973990fa1aa') in 0.013718 seconds 
========================================================================
Received Import Request.
  Time since last request: 395.100351 seconds.
  path: Assets/Obj/2/7_2.png
  artifactKey: Guid(123ae7b27796e2846a18e8da4d2f225f) Importer(815301076,1909f56bfc062723c751e8b465ee728b)
Start importing Assets/Obj/2/7_2.png using Guid(123ae7b27796e2846a18e8da4d2f225f) Importer(815301076,1909f56bfc062723c751e8b465ee728b)  -> (artifact id: '94b3aa7c3a80602797cb3c9c9ad0a823') in 0.184516 seconds 
========================================================================
Received Import Request.
  Time since last request: 0.005049 seconds.
  path: Assets/Prefab/PrebabBox/Sq8.prefab
  artifactKey: Guid(9d40b3a71c477be4191333a78e11da0e) Importer(815301076,1909f56bfc062723c751e8b465ee728b)
Start importing Assets/Prefab/PrebabBox/Sq8.prefab using Guid(9d40b3a71c477be4191333a78e11da0e) Importer(815301076,1909f56bfc062723c751e8b465ee728b)  -> (artifact id: '821f59a2832a1026f52a76665c4c1687') in 0.068863 seconds 
========================================================================
Received Import Request.
  Time since last request: 0.006574 seconds.
  path: Assets/Prefab/PrebabBox/Sq3.prefab
  artifactKey: Guid(604286f477f80c744ac3b42d5d6c2d5d) Importer(815301076,1909f56bfc062723c751e8b465ee728b)
Start importing Assets/Prefab/PrebabBox/Sq3.prefab using Guid(604286f477f80c744ac3b42d5d6c2d5d) Importer(815301076,1909f56bfc062723c751e8b465ee728b)  -> (artifact id: '13cbe41a39e11532ab9e633d3eba3ccb') in 0.029789 seconds 
========================================================================
Received Import Request.
  Time since last request: 0.005693 seconds.
  path: Assets/Prefab/Color/C1.png
  artifactKey: Guid(5a17c35c4842c524dac5ccdfdd91aceb) Importer(815301076,1909f56bfc062723c751e8b465ee728b)
Start importing Assets/Prefab/Color/C1.png using Guid(5a17c35c4842c524dac5ccdfdd91aceb) Importer(815301076,1909f56bfc062723c751e8b465ee728b)  -> (artifact id: 'e4202713a313c3bffc99e0062a4fde4d') in 0.018395 seconds 
========================================================================
Received Import Request.
  Time since last request: 0.010191 seconds.
  path: Assets/Scripts/BackGroundScritps/BGmanager1.cs
  artifactKey: Guid(84c8164bb0d5b524eb3102a54a21dd4d) Importer(815301076,1909f56bfc062723c751e8b465ee728b)
Start importing Assets/Scripts/BackGroundScritps/BGmanager1.cs using Guid(84c8164bb0d5b524eb3102a54a21dd4d) Importer(815301076,1909f56bfc062723c751e8b465ee728b)  -> (artifact id: 'adc8cd065236dd140f7075ae137c019f') in 0.021040 seconds 
========================================================================
Received Import Request.
  Time since last request: 0.005215 seconds.
  path: Assets/Prefab/Color/C2.png
  artifactKey: Guid(a7c852cc6f8dd2b4b8967d004a33c5c1) Importer(815301076,1909f56bfc062723c751e8b465ee728b)
Start importing Assets/Prefab/Color/C2.png using Guid(a7c852cc6f8dd2b4b8967d004a33c5c1) Importer(815301076,1909f56bfc062723c751e8b465ee728b)  -> (artifact id: 'dad3c795320c3aae8a1aa12536d181eb') in 0.022226 seconds 
========================================================================
Received Import Request.
  Time since last request: 0.009556 seconds.
  path: Assets/Scripts/BackGroundScritps/BGmanager2.cs
  artifactKey: Guid(4133201998c25a944857a6a74cb8cf07) Importer(815301076,1909f56bfc062723c751e8b465ee728b)
Start importing Assets/Scripts/BackGroundScritps/BGmanager2.cs using Guid(4133201998c25a944857a6a74cb8cf07) Importer(815301076,1909f56bfc062723c751e8b465ee728b)  -> (artifact id: '05adbaf3c3830be9d0d070b5f25b901d') in 0.008559 seconds 
========================================================================
Received Import Request.
  Time since last request: 0.004169 seconds.
  path: Assets/Obj/2/4_2.png
  artifactKey: Guid(24af493e1aec9714aa40ca6f74f15a5a) Importer(815301076,1909f56bfc062723c751e8b465ee728b)
Start importing Assets/Obj/2/4_2.png using Guid(24af493e1aec9714aa40ca6f74f15a5a) Importer(815301076,1909f56bfc062723c751e8b465ee728b)  -> (artifact id: 'f92fba734cade3c6edd072a2165812ea') in 0.017306 seconds 
========================================================================
Received Import Request.
  Time since last request: 0.005339 seconds.
  path: Assets/Obj/2/8_2.png
  artifactKey: Guid(a33ab8c02680fce46b0be808fef413b0) Importer(815301076,1909f56bfc062723c751e8b465ee728b)
Start importing Assets/Obj/2/8_2.png using Guid(a33ab8c02680fce46b0be808fef413b0) Importer(815301076,1909f56bfc062723c751e8b465ee728b)  -> (artifact id: '27d4dbff91c75c2633632066f2eb66bd') in 0.019043 seconds 
========================================================================
Received Import Request.
  Time since last request: 0.005124 seconds.
  path: Assets/Obj/계산시작.png
  artifactKey: Guid(55b114ee530a45442bd47c159e930f73) Importer(815301076,1909f56bfc062723c751e8b465ee728b)
Start importing Assets/Obj/계산시작.png using Guid(55b114ee530a45442bd47c159e930f73) Importer(815301076,1909f56bfc062723c751e8b465ee728b)  -> (artifact id: '91608d817d32f5d193cadb17af44232e') in 0.018022 seconds 
========================================================================
Received Import Request.
  Time since last request: 0.006279 seconds.
  path: Assets/Prefab/Color/C4.png
  artifactKey: Guid(7b6e410942e3e6041833b96e3de935fa) Importer(815301076,1909f56bfc062723c751e8b465ee728b)
Start importing Assets/Prefab/Color/C4.png using Guid(7b6e410942e3e6041833b96e3de935fa) Importer(815301076,1909f56bfc062723c751e8b465ee728b)  -> (artifact id: '6f11ecb555e2c340b187da704d108587') in 0.017920 seconds 
========================================================================
Received Import Request.
  Time since last request: 0.006327 seconds.
  path: Assets/Prefab/Color/C3.png
  artifactKey: Guid(f6e3c8c328235074591ee5ff7204a018) Importer(815301076,1909f56bfc062723c751e8b465ee728b)
Start importing Assets/Prefab/Color/C3.png using Guid(f6e3c8c328235074591ee5ff7204a018) Importer(815301076,1909f56bfc062723c751e8b465ee728b)  -> (artifact id: '312c5be3a8308f1c5f6c0777d1b86766') in 0.017754 seconds 
========================================================================
Received Import Request.
  Time since last request: 0.005887 seconds.
  path: Assets/Scripts/DrawingSettings.cs
  artifactKey: Guid(03510ea897333a3478c3615be62b832e) Importer(815301076,1909f56bfc062723c751e8b465ee728b)
Start importing Assets/Scripts/DrawingSettings.cs using Guid(03510ea897333a3478c3615be62b832e) Importer(815301076,1909f56bfc062723c751e8b465ee728b)  -> (artifact id: '07bb631b966d9009ea930db64068ec30') in 0.011105 seconds 
========================================================================
Received Import Request.
  Time since last request: 0.005363 seconds.
  path: Assets/Prefab/PrebabBox/Sq9.prefab
  artifactKey: Guid(7cb7fb867949a914da35967f488901a3) Importer(815301076,1909f56bfc062723c751e8b465ee728b)
Start importing Assets/Prefab/PrebabBox/Sq9.prefab using Guid(7cb7fb867949a914da35967f488901a3) Importer(815301076,1909f56bfc062723c751e8b465ee728b)  -> (artifact id: '70e83425815dfe0de7484f32a1562937') in 0.032939 seconds 
========================================================================
Received Import Request.
  Time since last request: 0.007967 seconds.
  path: Assets/Prefab/PrebabBox/Sq5.prefab
  artifactKey: Guid(1203a719841c85c4882250673824a928) Importer(815301076,1909f56bfc062723c751e8b465ee728b)
Start importing Assets/Prefab/PrebabBox/Sq5.prefab using Guid(1203a719841c85c4882250673824a928) Importer(815301076,1909f56bfc062723c751e8b465ee728b)  -> (artifact id: '65502e2f42893a2b9fd9e11c19e43f04') in 0.033306 seconds 
========================================================================
Received Import Request.
  Time since last request: 0.006945 seconds.
  path: Assets/Scripts/BackGroundScritps/BGmanager5.cs
  artifactKey: Guid(5d1448c82169eb64a86041d2f2e124bf) Importer(815301076,1909f56bfc062723c751e8b465ee728b)
Start importing Assets/Scripts/BackGroundScritps/BGmanager5.cs using Guid(5d1448c82169eb64a86041d2f2e124bf) Importer(815301076,1909f56bfc062723c751e8b465ee728b)  -> (artifact id: 'e7a67151edf393a1a3cd356a5ab46d9a') in 0.010462 seconds 
========================================================================
Received Import Request.
  Time since last request: 0.005373 seconds.
  path: Assets/Scripts/BackGroundScritps/BGmanager4.cs
  artifactKey: Guid(2e9453277c4954244a00fc412311c99f) Importer(815301076,1909f56bfc062723c751e8b465ee728b)
Start importing Assets/Scripts/BackGroundScritps/BGmanager4.cs using Guid(2e9453277c4954244a00fc412311c99f) Importer(815301076,1909f56bfc062723c751e8b465ee728b)  -> (artifact id: 'b9c0d3590dbeee5993f368a99d571787') in 0.009762 seconds 
========================================================================
Received Import Request.
  Time since last request: 0.004319 seconds.
  path: Assets/TextMesh Pro/Shaders/TMP_SDF-Mobile.shader
  artifactKey: Guid(fe393ace9b354375a9cb14cdbbc28be4) Importer(815301076,1909f56bfc062723c751e8b465ee728b)
Start importing Assets/TextMesh Pro/Shaders/TMP_SDF-Mobile.shader using Guid(fe393ace9b354375a9cb14cdbbc28be4) Importer(815301076,1909f56bfc062723c751e8b465ee728b)  -> (artifact id: '30ad44eab62fdd237bb36d3db4cd5be1') in 0.013477 seconds 
========================================================================
Received Import Request.
  Time since last request: 0.003920 seconds.
  path: Assets/Prefab/PrebabBox/Sq4.prefab
  artifactKey: Guid(7c0efd31be3d8a941a01f6b89d1e9d3e) Importer(815301076,1909f56bfc062723c751e8b465ee728b)
Start importing Assets/Prefab/PrebabBox/Sq4.prefab using Guid(7c0efd31be3d8a941a01f6b89d1e9d3e) Importer(815301076,1909f56bfc062723c751e8b465ee728b)  -> (artifact id: '1d441b24909c487dca697f17e8ddcc12') in 0.029576 seconds 
========================================================================
Received Import Request.
  Time since last request: 0.004639 seconds.
  path: Assets/Prefab/다시시작.png
  artifactKey: Guid(21485ddf75e3b8546b54d441e210c188) Importer(815301076,1909f56bfc062723c751e8b465ee728b)
Start importing Assets/Prefab/다시시작.png using Guid(21485ddf75e3b8546b54d441e210c188) Importer(815301076,1909f56bfc062723c751e8b465ee728b)  -> (artifact id: '55f21ba59e53136f2f575ec2d404f123') in 0.021912 seconds 
========================================================================
Received Import Request.
  Time since last request: 0.005635 seconds.
  path: Assets/Prefab/Color/C5.png
  artifactKey: Guid(d54317658f77c9a438658fb0128c3995) Importer(815301076,1909f56bfc062723c751e8b465ee728b)
Start importing Assets/Prefab/Color/C5.png using Guid(d54317658f77c9a438658fb0128c3995) Importer(815301076,1909f56bfc062723c751e8b465ee728b)  -> (artifact id: '2b03224e69c554cce762c6bd58ae85d4') in 0.018521 seconds 
========================================================================
Received Import Request.
  Time since last request: 0.009839 seconds.
  path: Assets/Prefab/PrebabBox/Sq2.prefab
  artifactKey: Guid(105df7e8d9535084ab2e12f4235057aa) Importer(815301076,1909f56bfc062723c751e8b465ee728b)
Start importing Assets/Prefab/PrebabBox/Sq2.prefab using Guid(105df7e8d9535084ab2e12f4235057aa) Importer(815301076,1909f56bfc062723c751e8b465ee728b)  -> (artifact id: 'c2a326cb48379373b7229a7da1977a3f') in 0.030226 seconds 
========================================================================
Received Import Request.
  Time since last request: 0.016254 seconds.
  path: Assets/Prefab/종료.png
  artifactKey: Guid(a9845c7c2d35168498552872fa5a2aff) Importer(815301076,1909f56bfc062723c751e8b465ee728b)
Start importing Assets/Prefab/종료.png using Guid(a9845c7c2d35168498552872fa5a2aff) Importer(815301076,1909f56bfc062723c751e8b465ee728b)  -> (artifact id: '14da19b06db4742d89c888b6137671a9') in 0.016135 seconds 
========================================================================
Received Import Request.
  Time since last request: 0.005325 seconds.
  path: Assets/Scripts/Manager.cs
  artifactKey: Guid(b567e0e4328b3b54faf0fb468c9e92eb) Importer(815301076,1909f56bfc062723c751e8b465ee728b)
Start importing Assets/Scripts/Manager.cs using Guid(b567e0e4328b3b54faf0fb468c9e92eb) Importer(815301076,1909f56bfc062723c751e8b465ee728b)  -> (artifact id: 'e0727886793a50e9009aee1ffb280417') in 0.009896 seconds 
========================================================================
Received Import Request.
  Time since last request: 0.004563 seconds.
  path: Assets/Prefab/PrebabBox/Sq10.prefab
  artifactKey: Guid(c609ad1109697eb45bd070770da0d9ff) Importer(815301076,1909f56bfc062723c751e8b465ee728b)
Start importing Assets/Prefab/PrebabBox/Sq10.prefab using Guid(c609ad1109697eb45bd070770da0d9ff) Importer(815301076,1909f56bfc062723c751e8b465ee728b)  -> (artifact id: '24d69da23f925a9ca39f9c78df75b305') in 0.015603 seconds 
========================================================================
Received Import Request.
  Time since last request: 0.006192 seconds.
  path: Assets/Obj/2/6_2.png
  artifactKey: Guid(de193a537e44f4a4996e46e32cfdf89f) Importer(815301076,1909f56bfc062723c751e8b465ee728b)
Start importing Assets/Obj/2/6_2.png using Guid(de193a537e44f4a4996e46e32cfdf89f) Importer(815301076,1909f56bfc062723c751e8b465ee728b)  -> (artifact id: '7c9fbd67e432e733bd6567881ed8ed94') in 0.017326 seconds 
========================================================================
Received Import Request.
  Time since last request: 0.005484 seconds.
  path: Assets/Obj/2/SecondPage2.png
  artifactKey: Guid(f89d41e58c772e4429ef96db337faf25) Importer(815301076,1909f56bfc062723c751e8b465ee728b)
Start importing Assets/Obj/2/SecondPage2.png using Guid(f89d41e58c772e4429ef96db337faf25) Importer(815301076,1909f56bfc062723c751e8b465ee728b)  -> (artifact id: '81562e2d55c104d1cb24c7732df6fe54') in 0.064227 seconds 
========================================================================
Received Import Request.
  Time since last request: 0.010451 seconds.
  path: Assets/Prefab/PrebabBox/Sq7.prefab
  artifactKey: Guid(0f465bd282dcb0e4ab932ebec12ad3eb) Importer(815301076,1909f56bfc062723c751e8b465ee728b)
Start importing Assets/Prefab/PrebabBox/Sq7.prefab using Guid(0f465bd282dcb0e4ab932ebec12ad3eb) Importer(815301076,1909f56bfc062723c751e8b465ee728b)  -> (artifact id: '48772fc49cd32438c0a8cd2da1de6f6c') in 0.027112 seconds 
========================================================================
Received Import Request.
  Time since last request: 0.006204 seconds.
  path: Assets/Scripts/First_Drag.cs
  artifactKey: Guid(f88fd6da59e2fed40973740d4673a92d) Importer(815301076,1909f56bfc062723c751e8b465ee728b)
Start importing Assets/Scripts/First_Drag.cs using Guid(f88fd6da59e2fed40973740d4673a92d) Importer(815301076,1909f56bfc062723c751e8b465ee728b)  -> (artifact id: '12ad519b83c1ed9b1c0711ae9967848c') in 0.011042 seconds 
========================================================================
Received Import Request.
  Time since last request: 0.005601 seconds.
  path: Assets/Prefab/Color/eraser.png
  artifactKey: Guid(58a119445aedeb64a9fb77e6a6eb24ae) Importer(815301076,1909f56bfc062723c751e8b465ee728b)
Start importing Assets/Prefab/Color/eraser.png using Guid(58a119445aedeb64a9fb77e6a6eb24ae) Importer(815301076,1909f56bfc062723c751e8b465ee728b)  -> (artifact id: '1dff7a80f6c12dffda96fc37d8d61447') in 0.023056 seconds 
========================================================================
Received Import Request.
  Time since last request: 0.006787 seconds.
  path: Assets/Prefab/지우기.png
  artifactKey: Guid(713495709d6a13444a932ce24aca98c9) Importer(815301076,1909f56bfc062723c751e8b465ee728b)
Start importing Assets/Prefab/지우기.png using Guid(713495709d6a13444a932ce24aca98c9) Importer(815301076,1909f56bfc062723c751e8b465ee728b)  -> (artifact id: '47b6f31f75d98ed0426cb7e0b6db6bc6') in 0.023375 seconds 
========================================================================
Received Import Request.
  Time since last request: 0.006276 seconds.
  path: Assets/Obj/2/2_2.png
  artifactKey: Guid(b2fee5fbf877b654f9ec55dd257c42a8) Importer(815301076,1909f56bfc062723c751e8b465ee728b)
Start importing Assets/Obj/2/2_2.png using Guid(b2fee5fbf877b654f9ec55dd257c42a8) Importer(815301076,1909f56bfc062723c751e8b465ee728b)  -> (artifact id: '0056a98936ba0b42dbfeb5b11482bc39') in 0.022157 seconds 
========================================================================
Received Import Request.
  Time since last request: 0.006154 seconds.
  path: Assets/Obj/2/3_2.png
  artifactKey: Guid(dca1af1bd18a5154e8bc99915d80eb47) Importer(815301076,1909f56bfc062723c751e8b465ee728b)
Start importing Assets/Obj/2/3_2.png using Guid(dca1af1bd18a5154e8bc99915d80eb47) Importer(815301076,1909f56bfc062723c751e8b465ee728b)  -> (artifact id: '254c2521ce4c58adb35cfbadfa4ca157') in 0.021920 seconds 
========================================================================
Received Import Request.
  Time since last request: 0.005677 seconds.
  path: Assets/Prefab/Color/지우개.PNG
  artifactKey: Guid(7fdb20ad86def8e4ca3d26e79a348616) Importer(815301076,1909f56bfc062723c751e8b465ee728b)
Start importing Assets/Prefab/Color/지우개.PNG using Guid(7fdb20ad86def8e4ca3d26e79a348616) Importer(815301076,1909f56bfc062723c751e8b465ee728b)  -> (artifact id: '5e2e92e69d0f9dd80bc5bf4d88c38878') in 0.027167 seconds 
========================================================================
Received Import Request.
  Time since last request: 0.005859 seconds.
  path: Assets/Prefab/PrebabBox/Sq1.prefab
  artifactKey: Guid(22c43597b58e7c94ebf11f2d3a1e8b7d) Importer(815301076,1909f56bfc062723c751e8b465ee728b)
Start importing Assets/Prefab/PrebabBox/Sq1.prefab using Guid(22c43597b58e7c94ebf11f2d3a1e8b7d) Importer(815301076,1909f56bfc062723c751e8b465ee728b)  -> (artifact id: '74484550718032659ae8ff24bc760927') in 0.031606 seconds 
========================================================================
Received Import Request.
  Time since last request: 0.006715 seconds.
  path: Assets/Scripts/DragMode.cs
  artifactKey: Guid(ee0ad5f26577cf54980d5f2d27c317c4) Importer(815301076,1909f56bfc062723c751e8b465ee728b)
Start importing Assets/Scripts/DragMode.cs using Guid(ee0ad5f26577cf54980d5f2d27c317c4) Importer(815301076,1909f56bfc062723c751e8b465ee728b)  -> (artifact id: '2a83937fa69742f0fbbaa50a8fc5790f') in 0.009153 seconds 
========================================================================
Received Import Request.
  Time since last request: 0.008796 seconds.
  path: Assets/Obj/2/1_2.png
  artifactKey: Guid(6be583fe7c144a14ab9853fbe261d269) Importer(815301076,1909f56bfc062723c751e8b465ee728b)
Start importing Assets/Obj/2/1_2.png using Guid(6be583fe7c144a14ab9853fbe261d269) Importer(815301076,1909f56bfc062723c751e8b465ee728b)  -> (artifact id: 'dce0acda4bdc50ead3483fd2154498b1') in 0.017139 seconds 
========================================================================
Received Import Request.
  Time since last request: 0.006853 seconds.
  path: Assets/Prefab/PrebabBox/CombineManager.prefab
  artifactKey: Guid(1eeb9098153d88f47b38216923c8f4e2) Importer(815301076,1909f56bfc062723c751e8b465ee728b)
Start importing Assets/Prefab/PrebabBox/CombineManager.prefab using Guid(1eeb9098153d88f47b38216923c8f4e2) Importer(815301076,1909f56bfc062723c751e8b465ee728b)  -> (artifact id: '3d964264669505edfb763f204c53c4a6') in 0.010882 seconds 
========================================================================
Received Import Request.
  Time since last request: 0.004235 seconds.
  path: Assets/Prefab/PrebabBox/Sq6.prefab
  artifactKey: Guid(f17bb2d42f7eabd48a00c9f49cefad72) Importer(815301076,1909f56bfc062723c751e8b465ee728b)
Start importing Assets/Prefab/PrebabBox/Sq6.prefab using Guid(f17bb2d42f7eabd48a00c9f49cefad72) Importer(815301076,1909f56bfc062723c751e8b465ee728b)  -> (artifact id: '516b68b2629af76c40dc8e36c18e8d2a') in 0.028774 seconds 
========================================================================
Received Import Request.
  Time since last request: 0.008806 seconds.
  path: Assets/Scripts/Drawable.cs
  artifactKey: Guid(571045d48cec88d48848f53bf379f673) Importer(815301076,1909f56bfc062723c751e8b465ee728b)
Start importing Assets/Scripts/Drawable.cs using Guid(571045d48cec88d48848f53bf379f673) Importer(815301076,1909f56bfc062723c751e8b465ee728b)  -> (artifact id: 'e59380955eedc1bed23cb2e7933b117c') in 0.009685 seconds 
========================================================================
Received Import Request.
  Time since last request: 0.004424 seconds.
  path: Assets/Obj/2/trash.png
  artifactKey: Guid(30ca720448939aa47914570398900d4c) Importer(815301076,1909f56bfc062723c751e8b465ee728b)
Start importing Assets/Obj/2/trash.png using Guid(30ca720448939aa47914570398900d4c) Importer(815301076,1909f56bfc062723c751e8b465ee728b)  -> (artifact id: 'e3181b9b076fc6fc4a92695795c4c28d') in 0.099292 seconds 
========================================================================
Received Import Request.
  Time since last request: 0.012055 seconds.
  path: Assets/Prefab/PrebabBox/Sq10c.prefab
  artifactKey: Guid(c2dde88df38dbc64db8ae37f1574b5a5) Importer(815301076,1909f56bfc062723c751e8b465ee728b)
Start importing Assets/Prefab/PrebabBox/Sq10c.prefab using Guid(c2dde88df38dbc64db8ae37f1574b5a5) Importer(815301076,1909f56bfc062723c751e8b465ee728b)  -> (artifact id: 'b4a2032310bbe3c9671a44d451a7a94c') in 0.031904 seconds 
========================================================================
Received Import Request.
  Time since last request: 0.006390 seconds.
  path: Assets/Prefab/Color/C8.png
  artifactKey: Guid(9f33bc3f771892e4ba5df2252c0e2da6) Importer(815301076,1909f56bfc062723c751e8b465ee728b)
Start importing Assets/Prefab/Color/C8.png using Guid(9f33bc3f771892e4ba5df2252c0e2da6) Importer(815301076,1909f56bfc062723c751e8b465ee728b)  -> (artifact id: 'a7e98ef1ba1d9e1cd2dfc74357c37769') in 0.019213 seconds 
========================================================================
Received Import Request.
  Time since last request: 0.005262 seconds.
  path: Assets/Scripts/Combine.cs
  artifactKey: Guid(3a28cd01dc553f84280dbf4302a02b30) Importer(815301076,1909f56bfc062723c751e8b465ee728b)
Start importing Assets/Scripts/Combine.cs using Guid(3a28cd01dc553f84280dbf4302a02b30) Importer(815301076,1909f56bfc062723c751e8b465ee728b)  -> (artifact id: 'fc47b010a0f6544fc6862102861c688b') in 0.009751 seconds 
========================================================================
Received Import Request.
  Time since last request: 0.003992 seconds.
  path: Assets/Scripts/BackGroundScritps/BGmanager6.cs
  artifactKey: Guid(e834a7b56fba0d743a5e91779c6feae1) Importer(815301076,1909f56bfc062723c751e8b465ee728b)
Start importing Assets/Scripts/BackGroundScritps/BGmanager6.cs using Guid(e834a7b56fba0d743a5e91779c6feae1) Importer(815301076,1909f56bfc062723c751e8b465ee728b)  -> (artifact id: '8a914cba649f5851652faf4cd364f41d') in 0.009424 seconds 
========================================================================
Received Import Request.
  Time since last request: 0.004344 seconds.
  path: Assets/TextMesh Pro/Shaders/TMPro_Properties.cginc
  artifactKey: Guid(3997e2241185407d80309a82f9148466) Importer(815301076,1909f56bfc062723c751e8b465ee728b)
Start importing Assets/TextMesh Pro/Shaders/TMPro_Properties.cginc using Guid(3997e2241185407d80309a82f9148466) Importer(815301076,1909f56bfc062723c751e8b465ee728b)  -> (artifact id: '25b87a6c906e2ff6005352074e70dba6') in 0.020419 seconds 
========================================================================
Received Import Request.
  Time since last request: 0.004707 seconds.
  path: Assets/Scripts/Drawing.cs
  artifactKey: Guid(7fab8690f61a7024c8806fc89d6ae4b1) Importer(815301076,1909f56bfc062723c751e8b465ee728b)
Start importing Assets/Scripts/Drawing.cs using Guid(7fab8690f61a7024c8806fc89d6ae4b1) Importer(815301076,1909f56bfc062723c751e8b465ee728b)  -> (artifact id: 'fb453b6d6c14c7a1b1c254d083228409') in 0.009817 seconds 
========================================================================
Received Import Request.
  Time since last request: 0.004716 seconds.
  path: Assets/Prefab/10.png
  artifactKey: Guid(793904f2f4e0c8e4bbc342147389d9b5) Importer(815301076,1909f56bfc062723c751e8b465ee728b)
Start importing Assets/Prefab/10.png using Guid(793904f2f4e0c8e4bbc342147389d9b5) Importer(815301076,1909f56bfc062723c751e8b465ee728b)  -> (artifact id: '6c1a18a1827cbde3b7310faba9528603') in 0.016449 seconds 
========================================================================
Received Import Request.
  Time since last request: 0.006273 seconds.
  path: Assets/Obj/2/5_2.png
  artifactKey: Guid(b38736bc64f637a49939bb26262d45b4) Importer(815301076,1909f56bfc062723c751e8b465ee728b)
Start importing Assets/Obj/2/5_2.png using Guid(b38736bc64f637a49939bb26262d45b4) Importer(815301076,1909f56bfc062723c751e8b465ee728b)  -> (artifact id: '99f1e0b4f2bfe99b7efe340e4e3b38cc') in 0.019433 seconds 
========================================================================
Received Import Request.
  Time since last request: 0.005749 seconds.
  path: Assets/Obj/2/9_2.png
  artifactKey: Guid(06e518be77ca9fe4aa4c365a3c35e56a) Importer(815301076,1909f56bfc062723c751e8b465ee728b)
Start importing Assets/Obj/2/9_2.png using Guid(06e518be77ca9fe4aa4c365a3c35e56a) Importer(815301076,1909f56bfc062723c751e8b465ee728b)  -> (artifact id: '61f605aa3f182c8a72f80f384ff42434') in 0.018264 seconds 
========================================================================
Received Import Request.
  Time since last request: 0.006993 seconds.
  path: Assets/Prefab/Color/C6.png
  artifactKey: Guid(292fb50057301124cbd1e7417847f623) Importer(815301076,1909f56bfc062723c751e8b465ee728b)
Start importing Assets/Prefab/Color/C6.png using Guid(292fb50057301124cbd1e7417847f623) Importer(815301076,1909f56bfc062723c751e8b465ee728b)  -> (artifact id: '06ee1131f8b39e1eeff9343de6d91a61') in 0.018479 seconds 
========================================================================
Received Import Request.
  Time since last request: 0.005136 seconds.
  path: Assets/FreeDraw/Art/ReadWriteEnabledImage.png
  artifactKey: Guid(a33b8a6cf583c534b83219b0504884d0) Importer(815301076,1909f56bfc062723c751e8b465ee728b)
Start importing Assets/FreeDraw/Art/ReadWriteEnabledImage.png using Guid(a33b8a6cf583c534b83219b0504884d0) Importer(815301076,1909f56bfc062723c751e8b465ee728b)  -> (artifact id: 'a1ff150085a2eb96ec0f3c6073898d52') in 0.018290 seconds 
========================================================================
Received Import Request.
  Time since last request: 0.014975 seconds.
  path: Assets/Scripts/BackGroundScritps/BGmanager3.cs
  artifactKey: Guid(b78a3cf5f0e34084cac0ebe2c91844fb) Importer(815301076,1909f56bfc062723c751e8b465ee728b)
Start importing Assets/Scripts/BackGroundScritps/BGmanager3.cs using Guid(b78a3cf5f0e34084cac0ebe2c91844fb) Importer(815301076,1909f56bfc062723c751e8b465ee728b)  -> (artifact id: '01a15292dbef6c633f4c921ae8fad3b9') in 0.009412 seconds 
========================================================================
Received Import Request.
  Time since last request: 0.003984 seconds.
  path: Assets/Scripts/Box.cs
  artifactKey: Guid(599dff4b1197e37468460fddc663ed36) Importer(815301076,1909f56bfc062723c751e8b465ee728b)
Start importing Assets/Scripts/Box.cs using Guid(599dff4b1197e37468460fddc663ed36) Importer(815301076,1909f56bfc062723c751e8b465ee728b)  -> (artifact id: 'ec39701aaf44bd53657414f3e5ac4262') in 0.010405 seconds 
========================================================================
Received Import Request.
  Time since last request: 0.004776 seconds.
  path: Assets/Scripts/Total.cs
  artifactKey: Guid(6e1be9d335e20894fad4b29dd224d620) Importer(815301076,1909f56bfc062723c751e8b465ee728b)
Start importing Assets/Scripts/Total.cs using Guid(6e1be9d335e20894fad4b29dd224d620) Importer(815301076,1909f56bfc062723c751e8b465ee728b)  -> (artifact id: '5109e23e208fee6a3ad02f92443e30cc') in 0.009175 seconds 
========================================================================
Received Import Request.
  Time since last request: 0.004947 seconds.
  path: Assets/TextMesh Pro/Fonts/LiberationSans.ttf
  artifactKey: Guid(e3265ab4bf004d28a9537516768c1c75) Importer(815301076,1909f56bfc062723c751e8b465ee728b)
Start importing Assets/TextMesh Pro/Fonts/LiberationSans.ttf using Guid(e3265ab4bf004d28a9537516768c1c75) Importer(815301076,1909f56bfc062723c751e8b465ee728b)  -> (artifact id: '246556da8ee308a88cd64dac11bb5e10') in 0.047649 seconds 
========================================================================
Received Import Request.
  Time since last request: 0.004354 seconds.
  path: Assets/Prefab/Color/C7.png
  artifactKey: Guid(7e15f04ef0386bd4a9191d6c5b22ca01) Importer(815301076,1909f56bfc062723c751e8b465ee728b)
Start importing Assets/Prefab/Color/C7.png using Guid(7e15f04ef0386bd4a9191d6c5b22ca01) Importer(815301076,1909f56bfc062723c751e8b465ee728b)  -> (artifact id: 'eca1b609675bd50302c394bf753287c6') in 0.017368 seconds 
========================================================================
Received Import Request.
  Time since last request: 149.197768 seconds.
  path: Assets/Prefab/1.png
  artifactKey: Guid(c081843e263b86440955370cbcae5a6e) Importer(815301076,1909f56bfc062723c751e8b465ee728b)
Start importing Assets/Prefab/1.png using Guid(c081843e263b86440955370cbcae5a6e) Importer(815301076,1909f56bfc062723c751e8b465ee728b)  -> (artifact id: '7ec8cd5965df4eae5f3f6f1c4fd94230') in 0.023545 seconds 
========================================================================
Received Prepare
Registering precompiled user dll's ...
Registered in 0.005649 seconds.
Begin MonoManager ReloadAssembly
Native extension for WindowsStandalone target not found
Refreshing native plugins compatible for Editor in 0.43 ms, found 3 plugins.
Preloading 0 native plugins for Editor in 0.00 ms.
Mono: successfully reloaded assembly
- Completed reload, in  1.087 seconds
Domain Reload Profiling:
	ReloadAssembly (1088ms)
		BeginReloadAssembly (141ms)
			ExecutionOrderSort (0ms)
			DisableScriptedObjects (6ms)
			BackupInstance (0ms)
			ReleaseScriptingObjects (0ms)
			CreateAndSetChildDomain (35ms)
		EndReloadAssembly (878ms)
			LoadAssemblies (125ms)
			RebuildTransferFunctionScriptingTraits (0ms)
			SetupTypeCache (294ms)
			ReleaseScriptCaches (1ms)
			RebuildScriptCaches (44ms)
			SetupLoadedEditorAssemblies (328ms)
				LogAssemblyErrors (0ms)
				InitializePlatformSupportModulesInManaged (4ms)
				SetLoadedEditorAssemblies (1ms)
				RefreshPlugins (1ms)
				BeforeProcessingInitializeOnLoad (102ms)
				ProcessInitializeOnLoadAttributes (195ms)
				ProcessInitializeOnLoadMethodAttributes (12ms)
				AfterProcessingInitializeOnLoad (13ms)
				EditorAssembliesLoaded (0ms)
			ExecutionOrderSort2 (0ms)
			AwakeInstancesAfterBackupRestoration (4ms)
Platform modules already initialized, skipping
Switching build target platform(19) subTarget(0) extendedPlatform(0) -> platform(13) subTarget(537395200) extendedPlatform(0)
Refreshing native plugins compatible for Editor in 0.44 ms, found 3 plugins.
Preloading 0 native plugins for Editor in 0.00 ms.
Unloading 2023 Unused Serialized files (Serialized files now loaded: 0)
System memory in use before: 96.2 MB.
System memory in use after: 96.3 MB.

Unloading 14 unused Assets to reduce memory usage. Loaded Objects now: 2581.
Total: 2.580100 ms (FindLiveObjects: 0.164400 ms CreateObjectMapping: 0.074300 ms MarkObjects: 2.319300 ms  DeleteObjects: 0.021400 ms)

AssetImportParameters requested are different than current active one (requested -> active):
  custom:framework-win-MediaFoundation: 216162199b28c13a410421893ffa2e32 -> 
  custom:video-decoder-ogg-theora: a1e56fd34408186e4bbccfd4996cb3dc -> 
  custom:container-muxer-webm: aa71ff27fc2769a1b78a27578f13a17b -> 
  custom:container-demuxer-webm: 4f35f7cbe854078d1ac9338744f61a02 -> 
  custom:container-demuxer-ogg: 62fdf1f143b41e24485cea50d1cbac27 -> 
  custom:video-encoder-webm-vp8: eb34c28f22e8b96e1ab97ce403110664 -> 
  custom:video-decoder-webm-vp8: 9c59270c3fd7afecdb556c50c9e8de78 -> 
  custom:graphics/normal-map-encoding: 01000000000000000000000000000000 -> 02000000000000000000000000000000
  custom:audio-decoder-ogg-vorbis: bf7c407c2cedff20999df2af8eb42d56 -> 
  custom:audio-encoder-webm-vorbis: bf7c407c2cedff20999df2af8eb42d56 -> 
========================================================================
Received Import Request.
  Time since last request: 68.310479 seconds.
  path: Assets/Prefab/PrebabBox/Sq1.prefab
  artifactKey: Guid(22c43597b58e7c94ebf11f2d3a1e8b7d) Importer(815301076,1909f56bfc062723c751e8b465ee728b)
Start importing Assets/Prefab/PrebabBox/Sq1.prefab using Guid(22c43597b58e7c94ebf11f2d3a1e8b7d) Importer(815301076,1909f56bfc062723c751e8b465ee728b)  -> (artifact id: 'c27e5538b1038103b6d24fd5fdfa57a2') in 0.096455 seconds 
========================================================================
Received Import Request.
  Time since last request: 83.548839 seconds.
  path: Assets/Prefab/PrebabBox/Sq2.prefab
  artifactKey: Guid(105df7e8d9535084ab2e12f4235057aa) Importer(815301076,1909f56bfc062723c751e8b465ee728b)
Start importing Assets/Prefab/PrebabBox/Sq2.prefab using Guid(105df7e8d9535084ab2e12f4235057aa) Importer(815301076,1909f56bfc062723c751e8b465ee728b)  -> (artifact id: '191caf5ba1a900ef27d7ac906025f49a') in 0.029718 seconds 
========================================================================
Received Import Request.
  Time since last request: 1.549203 seconds.
  path: Assets/Prefab/PrebabBox/Sq3.prefab
  artifactKey: Guid(604286f477f80c744ac3b42d5d6c2d5d) Importer(815301076,1909f56bfc062723c751e8b465ee728b)
Start importing Assets/Prefab/PrebabBox/Sq3.prefab using Guid(604286f477f80c744ac3b42d5d6c2d5d) Importer(815301076,1909f56bfc062723c751e8b465ee728b)  -> (artifact id: 'b586d3918541778e51bd1a9bb9f70ff0') in 0.027356 seconds 
========================================================================
Received Import Request.
  Time since last request: 17.668153 seconds.
  path: Assets/Prefab/PrebabBox/Sq9.prefab
  artifactKey: Guid(7cb7fb867949a914da35967f488901a3) Importer(815301076,1909f56bfc062723c751e8b465ee728b)
Start importing Assets/Prefab/PrebabBox/Sq9.prefab using Guid(7cb7fb867949a914da35967f488901a3) Importer(815301076,1909f56bfc062723c751e8b465ee728b)  -> (artifact id: '0f312c324049b6e312e9663204ac5f92') in 0.031749 seconds 
========================================================================
Received Import Request.
  Time since last request: 0.826809 seconds.
  path: Assets/Prefab/PrebabBox/Sq10.prefab
  artifactKey: Guid(c609ad1109697eb45bd070770da0d9ff) Importer(815301076,1909f56bfc062723c751e8b465ee728b)
Start importing Assets/Prefab/PrebabBox/Sq10.prefab using Guid(c609ad1109697eb45bd070770da0d9ff) Importer(815301076,1909f56bfc062723c751e8b465ee728b)  -> (artifact id: '31b2cd1d7a2bcbe9360eda27298a52ac') in 0.020937 seconds 
========================================================================
Received Import Request.
  Time since last request: 0.960923 seconds.
  path: Assets/Prefab/PrebabBox/Sq6.prefab
  artifactKey: Guid(f17bb2d42f7eabd48a00c9f49cefad72) Importer(815301076,1909f56bfc062723c751e8b465ee728b)
Start importing Assets/Prefab/PrebabBox/Sq6.prefab using Guid(f17bb2d42f7eabd48a00c9f49cefad72) Importer(815301076,1909f56bfc062723c751e8b465ee728b)  -> (artifact id: '3081f2a2c1568f48de7567faa74c5dfb') in 0.041198 seconds 
========================================================================
Received Import Request.
  Time since last request: 77.781581 seconds.
  path: Assets/Prefab/PrebabBox/Sq4.prefab
  artifactKey: Guid(7c0efd31be3d8a941a01f6b89d1e9d3e) Importer(815301076,1909f56bfc062723c751e8b465ee728b)
Start importing Assets/Prefab/PrebabBox/Sq4.prefab using Guid(7c0efd31be3d8a941a01f6b89d1e9d3e) Importer(815301076,1909f56bfc062723c751e8b465ee728b)  -> (artifact id: '155fdaac3f82b9efb11831b9534d1c1c') in 0.036453 seconds 
========================================================================
Received Import Request.
  Time since last request: 0.487498 seconds.
  path: Assets/Prefab/PrebabBox/Sq5.prefab
  artifactKey: Guid(1203a719841c85c4882250673824a928) Importer(815301076,1909f56bfc062723c751e8b465ee728b)
Start importing Assets/Prefab/PrebabBox/Sq5.prefab using Guid(1203a719841c85c4882250673824a928) Importer(815301076,1909f56bfc062723c751e8b465ee728b)  -> (artifact id: 'ba2d9a37028069ff5dc1f76593a6b892') in 0.029489 seconds 
========================================================================
Received Import Request.
  Time since last request: 1.385020 seconds.
  path: Assets/Prefab/PrebabBox/Sq7.prefab
  artifactKey: Guid(0f465bd282dcb0e4ab932ebec12ad3eb) Importer(815301076,1909f56bfc062723c751e8b465ee728b)
Start importing Assets/Prefab/PrebabBox/Sq7.prefab using Guid(0f465bd282dcb0e4ab932ebec12ad3eb) Importer(815301076,1909f56bfc062723c751e8b465ee728b)  -> (artifact id: '1465d10b986e9b451d640cc49d84130e') in 0.032216 seconds 
========================================================================
Received Import Request.
  Time since last request: 544.141222 seconds.
  path: Assets/Prefab/PrebabBox/Sq10c.prefab
  artifactKey: Guid(c2dde88df38dbc64db8ae37f1574b5a5) Importer(815301076,1909f56bfc062723c751e8b465ee728b)
Start importing Assets/Prefab/PrebabBox/Sq10c.prefab using Guid(c2dde88df38dbc64db8ae37f1574b5a5) Importer(815301076,1909f56bfc062723c751e8b465ee728b)  -> (artifact id: '0430db3957149da2c7c243397c20df72') in 0.047415 seconds 
========================================================================
Received Prepare
Registering precompiled user dll's ...
Registered in 0.006086 seconds.
Begin MonoManager ReloadAssembly
Native extension for WindowsStandalone target not found
Refreshing native plugins compatible for Editor in 0.48 ms, found 3 plugins.
Preloading 0 native plugins for Editor in 0.00 ms.
Mono: successfully reloaded assembly
- Completed reload, in  1.222 seconds
Domain Reload Profiling:
	ReloadAssembly (1222ms)
		BeginReloadAssembly (148ms)
			ExecutionOrderSort (0ms)
			DisableScriptedObjects (7ms)
			BackupInstance (0ms)
			ReleaseScriptingObjects (0ms)
			CreateAndSetChildDomain (35ms)
		EndReloadAssembly (991ms)
			LoadAssemblies (140ms)
			RebuildTransferFunctionScriptingTraits (0ms)
			SetupTypeCache (319ms)
			ReleaseScriptCaches (1ms)
			RebuildScriptCaches (46ms)
			SetupLoadedEditorAssemblies (366ms)
				LogAssemblyErrors (0ms)
				InitializePlatformSupportModulesInManaged (6ms)
				SetLoadedEditorAssemblies (1ms)
				RefreshPlugins (1ms)
				BeforeProcessingInitializeOnLoad (97ms)
				ProcessInitializeOnLoadAttributes (235ms)
				ProcessInitializeOnLoadMethodAttributes (13ms)
				AfterProcessingInitializeOnLoad (14ms)
				EditorAssembliesLoaded (0ms)
			ExecutionOrderSort2 (0ms)
			AwakeInstancesAfterBackupRestoration (5ms)
Platform modules already initialized, skipping
Switching build target platform(19) subTarget(0) extendedPlatform(0) -> platform(13) subTarget(537395200) extendedPlatform(0)
Refreshing native plugins compatible for Editor in 0.44 ms, found 3 plugins.
Preloading 0 native plugins for Editor in 0.00 ms.
Unloading 2023 Unused Serialized files (Serialized files now loaded: 0)
System memory in use before: 96.3 MB.
System memory in use after: 96.4 MB.

Unloading 14 unused Assets to reduce memory usage. Loaded Objects now: 2585.
Total: 3.177100 ms (FindLiveObjects: 0.179100 ms CreateObjectMapping: 0.093200 ms MarkObjects: 2.882200 ms  DeleteObjects: 0.021700 ms)

AssetImportParameters requested are different than current active one (requested -> active):
  custom:framework-win-MediaFoundation: 216162199b28c13a410421893ffa2e32 -> 
  custom:video-decoder-ogg-theora: a1e56fd34408186e4bbccfd4996cb3dc -> 
  custom:container-muxer-webm: aa71ff27fc2769a1b78a27578f13a17b -> 
  custom:container-demuxer-webm: 4f35f7cbe854078d1ac9338744f61a02 -> 
  custom:container-demuxer-ogg: 62fdf1f143b41e24485cea50d1cbac27 -> 
  custom:video-encoder-webm-vp8: eb34c28f22e8b96e1ab97ce403110664 -> 
  custom:video-decoder-webm-vp8: 9c59270c3fd7afecdb556c50c9e8de78 -> 
  custom:graphics/normal-map-encoding: 01000000000000000000000000000000 -> 02000000000000000000000000000000
  custom:audio-decoder-ogg-vorbis: bf7c407c2cedff20999df2af8eb42d56 -> 
  custom:audio-encoder-webm-vorbis: bf7c407c2cedff20999df2af8eb42d56 -> 
AssetImportWorkerClient::OnTransportError - code=2 error=End of file
